<?xml version="1.0" encoding="UTF-8"?>
<testsuite name="eu.wswieciejutra.repo_checker.RepoCheckerApplicationTests" tests="1" skipped="0" failures="0" errors="0" timestamp="2024-07-31T17:40:13" hostname="DESKTOP-UTHLDEN" time="0.064">
  <properties/>
  <testcase name="contextLoads()" classname="eu.wswieciejutra.repo_checker.RepoCheckerApplicationTests" time="0.064"/>
  <system-out><![CDATA[19:40:00.623 [Test worker] INFO org.springframework.test.context.support.AnnotationConfigContextLoaderUtils -- Could not detect default configuration classes for test class [eu.wswieciejutra.repo_checker.RepoCheckerApplicationTests]: RepoCheckerApplicationTests does not declare any static, non-private, non-final, nested classes annotated with @Configuration.
19:40:00.839 [Test worker] INFO org.springframework.boot.test.context.SpringBootTestContextBootstrapper -- Found @SpringBootConfiguration eu.wswieciejutra.repo_checker.RepoCheckerApplication for test class eu.wswieciejutra.repo_checker.RepoCheckerApplicationTests

  .   ____          _            __ _ _
 /\\ / ___'_ __ _ _(_)_ __  __ _ \ \ \ \
( ( )\___ | '_ | '_| | '_ \/ _` | \ \ \ \
 \\/  ___)| |_)| | | | | || (_| |  ) ) ) )
  '  |____| .__|_| |_|_| |_\__, | / / / /
 =========|_|==============|___/=/_/_/_/
 :: Spring Boot ::                (v3.2.8)

2024-07-31T19:40:02.174+02:00  INFO 21716 --- [repo-checker] [    Test worker] e.w.r.RepoCheckerApplicationTests        : Starting RepoCheckerApplicationTests using Java 21.0.3 with PID 21716 (started by raczk in C:\Users\raczk\IdeaProjects\RepoChecker)
2024-07-31T19:40:02.176+02:00  INFO 21716 --- [repo-checker] [    Test worker] e.w.r.RepoCheckerApplicationTests        : The following 1 profile is active: "local"
2024-07-31T19:40:03.995+02:00  INFO 21716 --- [repo-checker] [    Test worker] .s.d.r.c.RepositoryConfigurationDelegate : Bootstrapping Spring Data JPA repositories in DEFAULT mode.
2024-07-31T19:40:04.120+02:00  INFO 21716 --- [repo-checker] [    Test worker] .s.d.r.c.RepositoryConfigurationDelegate : Finished Spring Data repository scanning in 108 ms. Found 2 JPA repository interfaces.
2024-07-31T19:40:05.325+02:00  INFO 21716 --- [repo-checker] [    Test worker] o.hibernate.jpa.internal.util.LogHelper  : HHH000204: Processing PersistenceUnitInfo [name: default]
2024-07-31T19:40:05.545+02:00  INFO 21716 --- [repo-checker] [    Test worker] org.hibernate.Version                    : HHH000412: Hibernate ORM core version 6.4.9.Final
2024-07-31T19:40:05.658+02:00  INFO 21716 --- [repo-checker] [    Test worker] o.h.c.internal.RegionFactoryInitiator    : HHH000026: Second-level cache disabled
2024-07-31T19:40:06.059+02:00  INFO 21716 --- [repo-checker] [    Test worker] o.s.o.j.p.SpringPersistenceUnitInfo      : No LoadTimeWeaver setup: ignoring JPA class transformer
2024-07-31T19:40:06.129+02:00  INFO 21716 --- [repo-checker] [    Test worker] com.zaxxer.hikari.HikariDataSource       : HikariPool-1 - Starting...
2024-07-31T19:40:06.730+02:00  INFO 21716 --- [repo-checker] [    Test worker] com.zaxxer.hikari.pool.HikariPool        : HikariPool-1 - Added connection conn0: url=jdbc:h2:mem:testdb user=SA
2024-07-31T19:40:06.736+02:00  INFO 21716 --- [repo-checker] [    Test worker] com.zaxxer.hikari.HikariDataSource       : HikariPool-1 - Start completed.
2024-07-31T19:40:09.404+02:00  INFO 21716 --- [repo-checker] [    Test worker] o.h.e.t.j.p.i.JtaPlatformInitiator       : HHH000489: No JTA platform available (set 'hibernate.transaction.jta.platform' to enable JTA platform integration)
2024-07-31T19:40:09.570+02:00  INFO 21716 --- [repo-checker] [    Test worker] j.LocalContainerEntityManagerFactoryBean : Initialized JPA EntityManagerFactory for persistence unit 'default'
2024-07-31T19:40:10.543+02:00  INFO 21716 --- [repo-checker] [    Test worker] o.s.d.j.r.query.QueryEnhancerFactory     : Hibernate is in classpath; If applicable, HQL parser will be used.
2024-07-31T19:40:12.499+02:00  WARN 21716 --- [repo-checker] [    Test worker] JpaBaseConfiguration$JpaWebConfiguration : spring.jpa.open-in-view is enabled by default. Therefore, database queries may be performed during view rendering. Explicitly configure spring.jpa.open-in-view to disable this warning
2024-07-31T19:40:12.554+02:00  INFO 21716 --- [repo-checker] [    Test worker] o.s.b.a.w.s.WelcomePageHandlerMapping    : Adding welcome page: class path resource [static/index.html]
2024-07-31T19:40:13.265+02:00  INFO 21716 --- [repo-checker] [    Test worker] o.s.b.a.h2.H2ConsoleAutoConfiguration    : H2 console available at '/h2-console'. Database available at 'jdbc:h2:mem:testdb'
2024-07-31T19:40:13.436+02:00  INFO 21716 --- [repo-checker] [    Test worker] e.w.r.RepoCheckerApplicationTests        : Started RepoCheckerApplicationTests in 12.084 seconds (process running for 19.733)
]]></system-out>
  <system-err><![CDATA[]]></system-err>
</testsuite>
