<?xml version="1.0" encoding="UTF-8"?>
<testsuite name="eu.wswieciejutra.repo_checker.controller.ApiControllerTest" tests="3" skipped="0" failures="0" errors="0" timestamp="2024-07-31T17:40:15" hostname="DESKTOP-UTHLDEN" time="0.88">
  <properties/>
  <testcase name="shouldReturnNonForkRepositories()" classname="eu.wswieciejutra.repo_checker.controller.ApiControllerTest" time="0.762"/>
  <testcase name="shouldReturn404WhenUserNotFound()" classname="eu.wswieciejutra.repo_checker.controller.ApiControllerTest" time="0.099"/>
  <testcase name="shouldReturn500WhenUnexpectedErrorOccurs()" classname="eu.wswieciejutra.repo_checker.controller.ApiControllerTest" time="0.012"/>
  <system-out><![CDATA[2024-07-31T19:40:13.565+02:00  INFO 21716 --- [repo-checker] [    Test worker] t.c.s.AnnotationConfigContextLoaderUtils : Could not detect default configuration classes for test class [eu.wswieciejutra.repo_checker.controller.ApiControllerTest]: ApiControllerTest does not declare any static, non-private, non-final, nested classes annotated with @Configuration.
2024-07-31T19:40:13.646+02:00  INFO 21716 --- [repo-checker] [    Test worker] .b.t.c.SpringBootTestContextBootstrapper : Found @SpringBootConfiguration eu.wswieciejutra.repo_checker.RepoCheckerApplication for test class eu.wswieciejutra.repo_checker.controller.ApiControllerTest

  .   ____          _            __ _ _
 /\\ / ___'_ __ _ _(_)_ __  __ _ \ \ \ \
( ( )\___ | '_ | '_| | '_ \/ _` | \ \ \ \
 \\/  ___)| |_)| | | | | || (_| |  ) ) ) )
  '  |____| .__|_| |_|_| |_\__, | / / / /
 =========|_|==============|___/=/_/_/_/
 :: Spring Boot ::                (v3.2.8)

2024-07-31T19:40:13.807+02:00  INFO 21716 --- [repo-checker] [    Test worker] e.w.r.controller.ApiControllerTest       : Starting ApiControllerTest using Java 21.0.3 with PID 21716 (started by raczk in C:\Users\raczk\IdeaProjects\RepoChecker)
2024-07-31T19:40:13.808+02:00  INFO 21716 --- [repo-checker] [    Test worker] e.w.r.controller.ApiControllerTest       : The following 1 profile is active: "local"
2024-07-31T19:40:14.874+02:00  INFO 21716 --- [repo-checker] [    Test worker] o.s.b.a.w.s.WelcomePageHandlerMapping    : Adding welcome page: class path resource [static/index.html]
2024-07-31T19:40:15.250+02:00  INFO 21716 --- [repo-checker] [    Test worker] o.s.b.t.m.w.SpringBootMockServletContext : Initializing Spring TestDispatcherServlet ''
2024-07-31T19:40:15.251+02:00  INFO 21716 --- [repo-checker] [    Test worker] o.s.t.web.servlet.TestDispatcherServlet  : Initializing Servlet ''
2024-07-31T19:40:15.258+02:00  INFO 21716 --- [repo-checker] [    Test worker] o.s.t.web.servlet.TestDispatcherServlet  : Completed initialization in 1 ms
2024-07-31T19:40:15.335+02:00  INFO 21716 --- [repo-checker] [    Test worker] e.w.r.controller.ApiControllerTest       : Started ApiControllerTest in 1.681 seconds (process running for 21.633)
]]></system-out>
  <system-err><![CDATA[]]></system-err>
</testsuite>
